<?xml version="1.0" encoding="UTF-8"?>
<!-- Generated by org.testng.reporters.JUnitReportReporter -->
<testsuite skipped="0" hostname="satheesh" name="testsricpts.FirstTest" tests="1" failures="0" timestamp="2023-03-01T12:41:19 IST" time="17.209" errors="0">
  <testcase name="firstTest" time="17.209" classname="testsricpts.FirstTest"/>
  <system-out/>
</testsuite> <!-- testsricpts.FirstTest -->
